2014-05-23 12:33:47 INFO  Base:625 - launch Appium
2014-05-23 12:33:48 INFO  Base:243 - App package is com.altia.panacast
2014-05-23 12:33:48 INFO  Base:245 - App activity is com.altia.panacast.StartingActivity
2014-05-23 12:33:50 INFO  DefaultHttpClient:623 - I/O exception (java.net.SocketException) caught when connecting to the target host: Permission denied: connect
2014-05-23 12:33:50 INFO  DefaultHttpClient:629 - Retrying connect
2014-05-23 12:33:51 INFO  DefaultHttpClient:623 - I/O exception (java.net.SocketException) caught when connecting to the target host: Permission denied: connect
2014-05-23 12:33:51 INFO  DefaultHttpClient:629 - Retrying connect
2014-05-23 12:33:55 INFO  Base:247 - App is Launched
2014-05-23 12:33:55 INFO  Base:249 - Waiting 2000 seconds
2014-05-23 12:33:57 INFO  Base:419 - Click on  signin 
2014-05-23 12:34:01 INFO  Base:451 - Entering data in  FN 
2014-05-23 12:34:04 INFO  Base:451 - Entering data in  LN 
2014-05-23 12:34:08 INFO  Base:451 - Entering data in  Email 
2014-05-23 12:34:09 INFO  Base:555 - Click on button
2014-05-23 12:34:11 INFO  Base:419 - Click on  login 
2014-05-23 12:34:13 INFO  Base:419 - Click on  Startmeeting 
2014-05-23 12:34:18 INFO  Base:451 - Entering data in  Code 
2014-05-23 12:34:19 INFO  Base:555 - Click on button
2014-05-23 12:34:21 INFO  Base:419 - Click on  Startmeeting1 
2014-05-23 12:34:31 INFO  Base:374 - Waiting10000
2014-05-23 12:34:31 INFO  Base:618 - Tap on the screen
2014-05-23 12:34:31 INFO  Base:618 - Tap on the screen
2014-05-23 12:34:33 INFO  Base:374 - Waiting2000
2014-05-23 12:34:34 INFO  Base:594 - Flick on the screen
2014-05-23 12:34:36 INFO  Base:419 - Click on  invite 
2014-05-23 12:34:38 INFO  Base:419 - Click on  Email1 
2014-05-23 12:34:41 INFO  Base:419 - Click on  Gmail 
2014-05-23 12:34:46 INFO  Base:451 - Entering data in  To 
2014-05-23 12:34:48 INFO  Base:419 - Click on  send 
2014-05-23 12:34:50 INFO  Base:374 - Waiting2000
2014-05-23 12:35:05 INFO  Base:200 - Browers is MF
2014-05-23 12:35:08 INFO  Base:202 - Enter Url http://www.gmail.com
2014-05-23 12:35:10 INFO  Base:451 - Entering data in  username 
2014-05-23 12:35:11 INFO  Base:451 - Entering data in  password 
2014-05-23 12:35:14 INFO  Base:419 - Click on  pgma 
2014-05-23 12:35:24 INFO  Base:229 - Page has Refreshed
2014-05-23 12:35:31 INFO  Base:419 - Click on  inbox 
2014-05-23 12:35:35 INFO  Base:419 - Click on  link 
2014-05-23 12:35:35 INFO  Base:625 - launch Appium
2014-05-23 12:41:05 INFO  Base:625 - launch Appium
2014-05-23 12:41:05 INFO  Base:243 - App package is com.altia.panacast
2014-05-23 12:41:05 INFO  Base:245 - App activity is com.altia.panacast.StartingActivity
2014-05-23 12:41:06 INFO  DefaultHttpClient:623 - I/O exception (java.net.SocketException) caught when connecting to the target host: Permission denied: connect
2014-05-23 12:41:06 INFO  DefaultHttpClient:629 - Retrying connect
2014-05-23 12:41:07 INFO  DefaultHttpClient:623 - I/O exception (java.net.SocketException) caught when connecting to the target host: Permission denied: connect
2014-05-23 12:41:07 INFO  DefaultHttpClient:629 - Retrying connect
2014-05-23 12:41:11 INFO  Base:247 - App is Launched
2014-05-23 12:41:11 INFO  Base:249 - Waiting 2000 seconds
2014-05-23 12:41:13 INFO  Base:419 - Click on  signin 
2014-05-23 12:41:17 INFO  Base:451 - Entering data in  FN 
2014-05-23 12:41:21 INFO  Base:451 - Entering data in  LN 
2014-05-23 12:41:24 INFO  Base:451 - Entering data in  Email 
2014-05-23 12:41:25 INFO  Base:555 - Click on button
2014-05-23 12:41:27 INFO  Base:419 - Click on  login 
2014-05-23 12:41:29 INFO  Base:419 - Click on  Startmeeting 
2014-05-23 12:41:34 INFO  Base:451 - Entering data in  Code 
2014-05-23 12:41:35 INFO  Base:555 - Click on button
2014-05-23 12:41:37 INFO  Base:419 - Click on  Startmeeting1 
2014-05-23 12:41:47 INFO  Base:374 - Waiting10000
2014-05-23 12:41:47 INFO  Base:618 - Tap on the screen
2014-05-23 12:41:47 INFO  Base:618 - Tap on the screen
2014-05-23 12:41:49 INFO  Base:374 - Waiting2000
2014-05-23 12:41:50 INFO  Base:594 - Flick on the screen
2014-05-23 12:41:51 INFO  Base:419 - Click on  invite 
2014-05-23 12:41:53 INFO  Base:419 - Click on  Email1 
2014-05-23 12:41:55 INFO  Base:419 - Click on  Gmail 
2014-05-23 12:42:01 INFO  Base:451 - Entering data in  To 
2014-05-23 12:42:02 INFO  Base:419 - Click on  send 
2014-05-23 12:42:04 INFO  Base:374 - Waiting2000
2014-05-23 12:42:11 INFO  Base:200 - Browers is MF
2014-05-23 12:42:16 INFO  Base:202 - Enter Url http://www.gmail.com
2014-05-23 12:42:18 INFO  Base:451 - Entering data in  username 
2014-05-23 12:42:19 INFO  Base:451 - Entering data in  password 
2014-05-23 12:42:21 INFO  Base:419 - Click on  pgma 
2014-05-23 12:42:25 INFO  Base:229 - Page has Refreshed
2014-05-23 12:42:32 INFO  Base:419 - Click on  inbox 
2014-05-23 12:42:36 INFO  Base:419 - Click on  link 
2014-05-23 12:42:36 INFO  Base:625 - launch Appium
2014-05-23 12:45:28 INFO  Base:625 - launch Appium
2014-05-23 12:45:28 INFO  Base:243 - App package is com.altia.panacast
2014-05-23 12:45:28 INFO  Base:245 - App activity is com.altia.panacast.StartingActivity
2014-05-23 12:45:30 INFO  DefaultHttpClient:623 - I/O exception (java.net.SocketException) caught when connecting to the target host: Permission denied: connect
2014-05-23 12:45:30 INFO  DefaultHttpClient:629 - Retrying connect
2014-05-23 12:45:31 INFO  DefaultHttpClient:623 - I/O exception (java.net.SocketException) caught when connecting to the target host: Permission denied: connect
2014-05-23 12:45:31 INFO  DefaultHttpClient:629 - Retrying connect
2014-05-23 12:45:35 INFO  Base:247 - App is Launched
2014-05-23 12:45:35 INFO  Base:249 - Waiting 2000 seconds
2014-05-23 12:45:37 INFO  Base:419 - Click on  signin 
2014-05-23 12:45:40 INFO  Base:451 - Entering data in  FN 
2014-05-23 12:45:44 INFO  Base:451 - Entering data in  LN 
2014-05-23 12:45:48 INFO  Base:451 - Entering data in  Email 
2014-05-23 12:45:49 INFO  Base:555 - Click on button
2014-05-23 12:45:51 INFO  Base:419 - Click on  login 
2014-05-23 12:45:53 INFO  Base:419 - Click on  Startmeeting 
2014-05-23 12:45:58 INFO  Base:451 - Entering data in  Code 
2014-05-23 12:45:59 INFO  Base:555 - Click on button
2014-05-23 12:46:01 INFO  Base:419 - Click on  Startmeeting1 
2014-05-23 12:46:11 INFO  Base:374 - Waiting10000
2014-05-23 12:46:11 INFO  Base:618 - Tap on the screen
2014-05-23 12:46:12 INFO  Base:618 - Tap on the screen
2014-05-23 12:46:14 INFO  Base:374 - Waiting2000
2014-05-23 12:46:15 INFO  Base:594 - Flick on the screen
2014-05-23 12:46:16 INFO  Base:419 - Click on  invite 
2014-05-23 12:46:18 INFO  Base:419 - Click on  Email1 
2014-05-23 12:46:20 INFO  Base:419 - Click on  Gmail 
2014-05-23 12:46:26 INFO  Base:451 - Entering data in  To 
2014-05-23 12:46:28 INFO  Base:419 - Click on  send 
2014-05-23 12:46:30 INFO  Base:374 - Waiting2000
2014-05-23 12:46:37 INFO  Base:200 - Browers is MF
2014-05-23 12:46:40 INFO  Base:202 - Enter Url http://www.gmail.com
2014-05-23 12:46:42 INFO  Base:451 - Entering data in  username 
2014-05-23 12:46:43 INFO  Base:451 - Entering data in  password 
2014-05-23 12:46:44 INFO  Base:419 - Click on  pgma 
2014-05-23 12:46:48 INFO  Base:229 - Page has Refreshed
2014-05-23 12:46:56 INFO  Base:419 - Click on  inbox 
2014-05-23 12:47:00 INFO  Base:419 - Click on  link 
2014-05-23 12:47:00 INFO  Base:625 - launch Appium
2014-05-23 14:42:43 INFO  Base:625 - launch Appium
2014-05-23 14:42:43 INFO  Base:243 - App package is com.altia.panacast
2014-05-23 14:42:43 INFO  Base:245 - App activity is com.altia.panacast.StartingActivity
2014-05-23 14:42:45 INFO  DefaultHttpClient:623 - I/O exception (java.net.SocketException) caught when connecting to the target host: Permission denied: connect
2014-05-23 14:42:45 INFO  DefaultHttpClient:629 - Retrying connect
2014-05-23 14:42:46 INFO  DefaultHttpClient:623 - I/O exception (java.net.SocketException) caught when connecting to the target host: Permission denied: connect
2014-05-23 14:42:46 INFO  DefaultHttpClient:629 - Retrying connect
2014-05-23 14:42:54 INFO  Base:247 - App is Launched
2014-05-23 14:42:54 INFO  Base:249 - Waiting 2000 seconds
2014-05-23 14:42:56 INFO  Base:419 - Click on  signin 
2014-05-23 14:43:00 INFO  Base:451 - Entering data in  FN 
2014-05-23 14:43:03 INFO  Base:451 - Entering data in  LN 
2014-05-23 14:43:07 INFO  Base:451 - Entering data in  Email 
2014-05-23 14:43:08 INFO  Base:555 - Click on button
2014-05-23 14:43:09 INFO  Base:419 - Click on  login 
2014-05-23 14:43:12 INFO  Base:419 - Click on  Startmeeting 
2014-05-23 14:43:16 INFO  Base:451 - Entering data in  Code 
2014-05-23 14:43:17 INFO  Base:555 - Click on button
2014-05-23 14:43:19 INFO  Base:419 - Click on  Startmeeting1 
2014-05-23 14:43:29 INFO  Base:374 - Waiting10000
2014-05-23 14:43:29 INFO  Base:618 - Tap on the screen
2014-05-23 14:43:29 INFO  Base:618 - Tap on the screen
2014-05-23 14:43:31 INFO  Base:374 - Waiting2000
2014-05-23 14:43:31 INFO  Base:594 - Flick on the screen
2014-05-23 14:43:32 INFO  Base:419 - Click on  invite 
2014-05-23 14:43:34 INFO  Base:419 - Click on  Email1 
2014-05-23 14:43:36 INFO  Base:419 - Click on  Gmail 
2014-05-23 14:43:41 INFO  Base:451 - Entering data in  To 
2014-05-23 14:43:43 INFO  Base:419 - Click on  send 
2014-05-23 14:43:45 INFO  Base:374 - Waiting2000
2014-05-23 14:44:07 INFO  Base:200 - Browers is MF
2014-05-23 14:44:09 INFO  Base:202 - Enter Url http://www.gmail.com
2014-05-23 14:44:10 INFO  Base:451 - Entering data in  username 
2014-05-23 14:44:11 INFO  Base:451 - Entering data in  password 
2014-05-23 14:44:13 INFO  Base:419 - Click on  pgma 
2014-05-23 14:44:23 INFO  Base:229 - Page has Refreshed
2014-05-23 14:44:29 INFO  Base:419 - Click on  inbox 
2014-05-23 14:44:32 INFO  Base:419 - Click on  link 
2014-05-23 14:44:32 INFO  Base:625 - launch Appium
2014-05-23 14:48:53 INFO  Base:625 - launch Appium
2014-05-23 14:48:53 INFO  Base:243 - App package is com.altia.panacast
2014-05-23 14:48:53 INFO  Base:245 - App activity is com.altia.panacast.StartingActivity
2014-05-23 14:48:54 INFO  DefaultHttpClient:623 - I/O exception (java.net.SocketException) caught when connecting to the target host: Permission denied: connect
2014-05-23 14:48:54 INFO  DefaultHttpClient:629 - Retrying connect
2014-05-23 14:48:55 INFO  DefaultHttpClient:623 - I/O exception (java.net.SocketException) caught when connecting to the target host: Permission denied: connect
2014-05-23 14:48:55 INFO  DefaultHttpClient:629 - Retrying connect
2014-05-23 14:48:59 INFO  Base:247 - App is Launched
2014-05-23 14:48:59 INFO  Base:249 - Waiting 2000 seconds
2014-05-23 14:49:00 INFO  Base:419 - Click on  signin 
2014-05-23 14:49:04 INFO  Base:451 - Entering data in  FN 
2014-05-23 14:49:08 INFO  Base:451 - Entering data in  LN 
2014-05-23 14:49:12 INFO  Base:451 - Entering data in  Email 
2014-05-23 14:49:12 INFO  Base:555 - Click on button
2014-05-23 14:49:14 INFO  Base:419 - Click on  login 
2014-05-23 14:49:16 INFO  Base:419 - Click on  Startmeeting 
2014-05-23 14:49:20 INFO  Base:451 - Entering data in  Code 
2014-05-23 14:49:21 INFO  Base:555 - Click on button
2014-05-23 14:49:23 INFO  Base:419 - Click on  Startmeeting1 
2014-05-23 14:49:33 INFO  Base:374 - Waiting10000
2014-05-23 14:49:33 INFO  Base:618 - Tap on the screen
2014-05-23 14:49:33 INFO  Base:618 - Tap on the screen
2014-05-23 14:49:35 INFO  Base:374 - Waiting2000
2014-05-23 14:49:36 INFO  Base:594 - Flick on the screen
2014-05-23 14:49:37 INFO  Base:419 - Click on  invite 
2014-05-23 14:49:39 INFO  Base:419 - Click on  Email1 
2014-05-23 14:49:41 INFO  Base:419 - Click on  Gmail 
2014-05-23 14:49:47 INFO  Base:451 - Entering data in  To 
2014-05-23 14:49:48 INFO  Base:419 - Click on  send 
2014-05-23 14:49:50 INFO  Base:374 - Waiting2000
2014-05-23 14:50:07 INFO  Base:200 - Browers is MF
2014-05-23 14:50:12 INFO  Base:202 - Enter Url http://www.gmail.com
2014-05-23 14:50:14 INFO  Base:451 - Entering data in  username 
2014-05-23 14:50:15 INFO  Base:451 - Entering data in  password 
2014-05-23 14:50:17 INFO  Base:419 - Click on  pgma 
2014-05-23 14:50:21 INFO  Base:229 - Page has Refreshed
2014-05-23 14:50:28 INFO  Base:419 - Click on  inbox 
2014-05-23 14:50:32 INFO  Base:419 - Click on  link 
2014-05-23 14:50:32 INFO  Base:625 - launch Appium
2014-05-23 16:33:59 INFO  Base:625 - launch Appium
2014-05-23 16:33:59 INFO  Base:243 - App package is com.altia.panacast
2014-05-23 16:33:59 INFO  Base:245 - App activity is com.altia.panacast.StartingActivity
2014-05-23 16:34:01 INFO  DefaultHttpClient:623 - I/O exception (java.net.SocketException) caught when connecting to the target host: Permission denied: connect
2014-05-23 16:34:01 INFO  DefaultHttpClient:629 - Retrying connect
2014-05-23 16:34:02 INFO  DefaultHttpClient:623 - I/O exception (java.net.SocketException) caught when connecting to the target host: Permission denied: connect
2014-05-23 16:34:02 INFO  DefaultHttpClient:629 - Retrying connect
2014-05-23 16:34:06 INFO  Base:247 - App is Launched
2014-05-23 16:34:06 INFO  Base:249 - Waiting 2000 seconds
2014-05-23 16:34:08 INFO  Base:419 - Click on  signin 
2014-05-23 16:34:12 INFO  Base:451 - Entering data in  FN 
2014-05-23 16:34:16 INFO  Base:451 - Entering data in  LN 
2014-05-23 16:34:53 INFO  Base:625 - launch Appium
2014-05-23 16:34:53 INFO  Base:243 - App package is com.altia.panacast
2014-05-23 16:34:53 INFO  Base:245 - App activity is com.altia.panacast.StartingActivity
2014-05-23 16:34:55 INFO  DefaultHttpClient:623 - I/O exception (java.net.SocketException) caught when connecting to the target host: Permission denied: connect
2014-05-23 16:34:55 INFO  DefaultHttpClient:629 - Retrying connect
2014-05-23 16:34:56 INFO  DefaultHttpClient:623 - I/O exception (java.net.SocketException) caught when connecting to the target host: Permission denied: connect
2014-05-23 16:34:56 INFO  DefaultHttpClient:629 - Retrying connect
2014-05-23 16:35:00 INFO  Base:247 - App is Launched
2014-05-23 16:35:00 INFO  Base:249 - Waiting 2000 seconds
2014-05-23 16:35:01 INFO  Base:419 - Click on  signin 
2014-05-23 16:35:05 INFO  Base:451 - Entering data in  FN 
2014-05-23 16:35:09 INFO  Base:451 - Entering data in  LN 
2014-05-23 16:35:13 INFO  Base:451 - Entering data in  Email 
2014-05-23 16:35:13 INFO  Base:555 - Click on button
2014-05-23 16:35:15 INFO  Base:419 - Click on  login 
2014-05-23 16:35:18 INFO  Base:419 - Click on  Startmeeting 
2014-05-23 16:35:22 INFO  Base:451 - Entering data in  Code 
2014-05-23 16:35:23 INFO  Base:555 - Click on button
2014-05-23 16:35:25 INFO  Base:419 - Click on  Startmeeting1 
2014-05-23 16:35:35 INFO  Base:374 - Waiting10000
2014-05-23 16:35:35 INFO  Base:618 - Tap on the screen
2014-05-23 16:35:35 INFO  Base:618 - Tap on the screen
2014-05-23 16:35:37 INFO  Base:374 - Waiting2000
2014-05-23 16:35:37 INFO  Base:597 - Flick on the screen
2014-05-23 16:36:09 INFO  Base:625 - launch Appium
2014-05-23 16:36:10 INFO  Base:243 - App package is com.altia.panacast
2014-05-23 16:36:10 INFO  Base:245 - App activity is com.altia.panacast.StartingActivity
2014-05-23 16:36:11 INFO  DefaultHttpClient:623 - I/O exception (java.net.SocketException) caught when connecting to the target host: Permission denied: connect
2014-05-23 16:36:11 INFO  DefaultHttpClient:629 - Retrying connect
2014-05-23 16:36:12 INFO  DefaultHttpClient:623 - I/O exception (java.net.SocketException) caught when connecting to the target host: Permission denied: connect
2014-05-23 16:36:12 INFO  DefaultHttpClient:629 - Retrying connect
2014-05-23 16:36:16 INFO  Base:247 - App is Launched
2014-05-23 16:36:16 INFO  Base:249 - Waiting 2000 seconds
2014-05-23 16:36:17 INFO  Base:419 - Click on  signin 
2014-05-23 16:36:22 INFO  Base:451 - Entering data in  FN 
2014-05-23 16:36:25 INFO  Base:451 - Entering data in  LN 
2014-05-23 16:36:29 INFO  Base:451 - Entering data in  Email 
2014-05-23 16:36:30 INFO  Base:555 - Click on button
2014-05-23 16:36:31 INFO  Base:419 - Click on  login 
2014-05-23 16:36:34 INFO  Base:419 - Click on  Startmeeting 
2014-05-23 16:36:38 INFO  Base:451 - Entering data in  Code 
2014-05-23 16:36:40 INFO  Base:555 - Click on button
2014-05-23 16:36:51 INFO  Base:374 - Waiting10000
2014-05-23 16:36:51 INFO  Base:618 - Tap on the screen
2014-05-23 16:36:52 INFO  Base:618 - Tap on the screen
2014-05-23 16:36:54 INFO  Base:374 - Waiting2000
2014-05-23 16:36:54 INFO  Base:594 - Flick on the screen
2014-05-23 16:37:06 INFO  Base:625 - launch Appium
2014-05-23 16:37:06 INFO  Base:243 - App package is com.altia.panacast
2014-05-23 16:37:06 INFO  Base:245 - App activity is com.altia.panacast.StartingActivity
2014-05-23 16:37:08 INFO  DefaultHttpClient:623 - I/O exception (java.net.SocketException) caught when connecting to the target host: Permission denied: connect
2014-05-23 16:37:08 INFO  DefaultHttpClient:629 - Retrying connect
2014-05-23 16:37:09 INFO  DefaultHttpClient:623 - I/O exception (java.net.SocketException) caught when connecting to the target host: Permission denied: connect
2014-05-23 16:37:09 INFO  DefaultHttpClient:629 - Retrying connect
2014-05-23 16:37:30 INFO  Base:200 - Browers is MF
2014-05-23 16:37:33 INFO  Base:202 - Enter Url http://www.gmail.com
2014-05-23 16:37:35 INFO  Base:451 - Entering data in  username 
2014-05-23 16:37:36 INFO  Base:451 - Entering data in  password 
2014-05-23 16:37:38 INFO  Base:419 - Click on  pgma 
2014-05-23 16:37:43 INFO  Base:229 - Page has Refreshed
2014-05-23 16:37:52 INFO  Base:419 - Click on  inbox 
2014-05-23 16:37:55 INFO  Base:419 - Click on  link 
2014-05-23 16:37:55 INFO  Base:625 - launch Appium
2014-05-23 16:39:20 INFO  Base:625 - launch Appium
2014-05-23 16:39:20 INFO  Base:243 - App package is com.altia.panacast
2014-05-23 16:39:20 INFO  Base:245 - App activity is com.altia.panacast.StartingActivity
2014-05-23 16:39:21 INFO  DefaultHttpClient:623 - I/O exception (java.net.SocketException) caught when connecting to the target host: Permission denied: connect
2014-05-23 16:39:21 INFO  DefaultHttpClient:629 - Retrying connect
2014-05-23 16:39:22 INFO  DefaultHttpClient:623 - I/O exception (java.net.SocketException) caught when connecting to the target host: Permission denied: connect
2014-05-23 16:39:22 INFO  DefaultHttpClient:629 - Retrying connect
2014-05-23 16:39:26 INFO  Base:247 - App is Launched
2014-05-23 16:39:26 INFO  Base:249 - Waiting 2000 seconds
2014-05-23 16:39:28 INFO  Base:419 - Click on  signin 
2014-05-23 16:39:32 INFO  Base:451 - Entering data in  FN 
2014-05-23 16:39:36 INFO  Base:451 - Entering data in  LN 
2014-05-23 16:39:40 INFO  Base:451 - Entering data in  Email 
2014-05-23 16:39:40 INFO  Base:555 - Click on button
2014-05-23 16:39:42 INFO  Base:419 - Click on  login 
2014-05-23 16:39:44 INFO  Base:419 - Click on  Startmeeting 
2014-05-23 16:39:49 INFO  Base:451 - Entering data in  Code 
2014-05-23 16:39:49 INFO  Base:555 - Click on button
2014-05-23 16:39:51 INFO  Base:419 - Click on  Startmeeting1 
2014-05-23 16:40:01 INFO  Base:374 - Waiting10000
2014-05-23 16:40:01 INFO  Base:618 - Tap on the screen
2014-05-23 16:40:02 INFO  Base:618 - Tap on the screen
2014-05-23 16:40:04 INFO  Base:374 - Waiting2000
2014-05-23 16:40:04 INFO  Base:594 - Flick on the screen
2014-05-23 16:40:06 INFO  Base:419 - Click on  invite 
2014-05-23 16:40:07 INFO  Base:419 - Click on  Email1 
2014-05-23 16:40:10 INFO  Base:419 - Click on  Gmail 
2014-05-23 16:40:15 INFO  Base:451 - Entering data in  To 
2014-05-23 16:40:17 INFO  Base:419 - Click on  send 
2014-05-23 16:40:19 INFO  Base:374 - Waiting2000
2014-05-23 16:40:37 INFO  Base:200 - Browers is MF
2014-05-23 16:40:40 INFO  Base:202 - Enter Url http://www.gmail.com
2014-05-23 16:40:41 INFO  Base:451 - Entering data in  username 
2014-05-23 16:40:43 INFO  Base:451 - Entering data in  password 
2014-05-23 16:40:44 INFO  Base:419 - Click on  pgma 
2014-05-23 16:40:50 INFO  Base:229 - Page has Refreshed
2014-05-23 16:40:56 INFO  Base:419 - Click on  inbox 
2014-05-23 16:41:00 INFO  Base:419 - Click on  link 
2014-05-23 16:41:00 INFO  Base:625 - launch Appium
2014-05-23 16:42:29 INFO  Base:625 - launch Appium
2014-05-23 16:42:29 INFO  Base:243 - App package is com.altia.panacast
2014-05-23 16:42:29 INFO  Base:245 - App activity is com.altia.panacast.StartingActivity
2014-05-23 16:42:31 INFO  DefaultHttpClient:623 - I/O exception (java.net.SocketException) caught when connecting to the target host: Permission denied: connect
2014-05-23 16:42:31 INFO  DefaultHttpClient:629 - Retrying connect
2014-05-23 16:42:32 INFO  DefaultHttpClient:623 - I/O exception (java.net.SocketException) caught when connecting to the target host: Permission denied: connect
2014-05-23 16:42:32 INFO  DefaultHttpClient:629 - Retrying connect
2014-05-23 16:42:36 INFO  Base:247 - App is Launched
2014-05-23 16:42:36 INFO  Base:249 - Waiting 2000 seconds
2014-05-23 16:42:37 INFO  Base:419 - Click on  signin 
2014-05-23 16:42:41 INFO  Base:451 - Entering data in  FN 
2014-05-23 16:42:45 INFO  Base:451 - Entering data in  LN 
2014-05-23 16:42:49 INFO  Base:451 - Entering data in  Email 
2014-05-23 16:42:50 INFO  Base:555 - Click on button
2014-05-23 16:42:52 INFO  Base:419 - Click on  login 
2014-05-23 16:42:54 INFO  Base:419 - Click on  Startmeeting 
2014-05-23 16:42:58 INFO  Base:451 - Entering data in  Code 
2014-05-23 16:42:59 INFO  Base:555 - Click on button
2014-05-23 16:43:01 INFO  Base:419 - Click on  Startmeeting1 
2014-05-23 16:43:11 INFO  Base:374 - Waiting10000
2014-05-23 16:43:11 INFO  Base:618 - Tap on the screen
2014-05-23 16:43:11 INFO  Base:618 - Tap on the screen
2014-05-23 16:43:13 INFO  Base:374 - Waiting2000
2014-05-23 16:43:14 INFO  Base:594 - Flick on the screen
2014-05-23 16:43:15 INFO  Base:419 - Click on  invite 
2014-05-23 16:43:17 INFO  Base:419 - Click on  Email1 
2014-05-23 16:43:20 INFO  Base:419 - Click on  Gmail 
2014-05-23 16:43:25 INFO  Base:451 - Entering data in  To 
2014-05-23 16:43:27 INFO  Base:419 - Click on  send 
2014-05-23 16:43:29 INFO  Base:374 - Waiting2000
2014-05-23 16:43:51 INFO  Base:200 - Browers is MF
2014-05-23 16:43:54 INFO  Base:202 - Enter Url http://www.gmail.com
2014-05-23 16:43:56 INFO  Base:451 - Entering data in  username 
2014-05-23 16:43:57 INFO  Base:451 - Entering data in  password 
2014-05-23 16:43:59 INFO  Base:419 - Click on  pgma 
2014-05-23 16:44:04 INFO  Base:229 - Page has Refreshed
2014-05-23 16:44:10 INFO  Base:419 - Click on  inbox 
2014-05-23 16:44:14 INFO  Base:419 - Click on  link 
2014-05-23 16:44:14 INFO  Base:625 - launch Appium
2014-05-23 16:49:25 INFO  Base:625 - launch Appium
2014-05-23 16:49:25 INFO  Base:243 - App package is com.altia.panacast
2014-05-23 16:49:25 INFO  Base:245 - App activity is com.altia.panacast.StartingActivity
2014-05-23 16:49:27 INFO  DefaultHttpClient:623 - I/O exception (java.net.SocketException) caught when connecting to the target host: Permission denied: connect
2014-05-23 16:49:27 INFO  DefaultHttpClient:629 - Retrying connect
2014-05-23 16:49:28 INFO  DefaultHttpClient:623 - I/O exception (java.net.SocketException) caught when connecting to the target host: Permission denied: connect
2014-05-23 16:49:28 INFO  DefaultHttpClient:629 - Retrying connect
2014-05-23 16:49:32 INFO  Base:247 - App is Launched
2014-05-23 16:49:32 INFO  Base:249 - Waiting 2000 seconds
2014-05-23 16:49:33 INFO  Base:419 - Click on  signin 
2014-05-23 16:49:37 INFO  Base:451 - Entering data in  FN 
2014-05-23 16:49:40 INFO  Base:451 - Entering data in  LN 
2014-05-23 16:49:45 INFO  Base:451 - Entering data in  Email 
2014-05-23 16:49:45 INFO  Base:555 - Click on button
2014-05-23 16:49:47 INFO  Base:419 - Click on  login 
2014-05-23 16:49:49 INFO  Base:419 - Click on  Startmeeting 
2014-05-23 16:49:54 INFO  Base:451 - Entering data in  Code 
2014-05-23 16:49:54 INFO  Base:555 - Click on button
2014-05-23 16:49:57 INFO  Base:419 - Click on  Startmeeting1 
2014-05-23 16:50:07 INFO  Base:374 - Waiting10000
2014-05-23 16:50:07 INFO  Base:618 - Tap on the screen
2014-05-23 16:50:07 INFO  Base:618 - Tap on the screen
2014-05-23 16:50:09 INFO  Base:374 - Waiting2000
2014-05-23 16:50:09 INFO  Base:594 - Flick on the screen
2014-05-23 16:50:11 INFO  Base:419 - Click on  invite 
2014-05-23 16:50:12 INFO  Base:419 - Click on  Email1 
2014-05-23 16:50:15 INFO  Base:419 - Click on  Gmail 
2014-05-23 16:50:20 INFO  Base:451 - Entering data in  To 
2014-05-23 16:50:22 INFO  Base:419 - Click on  send 
2014-05-23 16:50:24 INFO  Base:374 - Waiting2000
2014-05-23 16:50:42 INFO  Base:200 - Browers is MF
2014-05-23 16:50:45 INFO  Base:202 - Enter Url http://www.gmail.com
2014-05-23 16:50:47 INFO  Base:451 - Entering data in  username 
2014-05-23 16:50:48 INFO  Base:451 - Entering data in  password 
2014-05-23 16:50:49 INFO  Base:419 - Click on  pgma 
2014-05-23 16:50:55 INFO  Base:229 - Page has Refreshed
2014-05-23 16:51:01 INFO  Base:419 - Click on  inbox 
2014-05-23 16:51:03 INFO  Base:419 - Click on  link 
2014-05-23 16:51:03 INFO  Base:625 - launch Appium
2014-05-23 16:52:33 INFO  Base:625 - launch Appium
2014-05-23 16:52:33 INFO  Base:243 - App package is com.altia.panacast
2014-05-23 16:52:33 INFO  Base:245 - App activity is com.altia.panacast.StartingActivity
2014-05-23 16:52:35 INFO  DefaultHttpClient:623 - I/O exception (java.net.SocketException) caught when connecting to the target host: Permission denied: connect
2014-05-23 16:52:35 INFO  DefaultHttpClient:629 - Retrying connect
2014-05-23 16:52:36 INFO  DefaultHttpClient:623 - I/O exception (java.net.SocketException) caught when connecting to the target host: Permission denied: connect
2014-05-23 16:52:36 INFO  DefaultHttpClient:629 - Retrying connect
2014-05-23 16:52:40 INFO  Base:247 - App is Launched
2014-05-23 16:52:40 INFO  Base:249 - Waiting 2000 seconds
2014-05-23 16:52:42 INFO  Base:419 - Click on  signin 
2014-05-23 16:52:47 INFO  Base:451 - Entering data in  FN 
2014-05-23 16:52:51 INFO  Base:451 - Entering data in  LN 
2014-05-23 16:52:55 INFO  Base:451 - Entering data in  Email 
2014-05-23 16:52:56 INFO  Base:555 - Click on button
2014-05-23 16:52:57 INFO  Base:419 - Click on  login 
2014-05-23 16:53:00 INFO  Base:419 - Click on  Startmeeting 
2014-05-23 16:53:05 INFO  Base:451 - Entering data in  Code 
2014-05-23 16:53:05 INFO  Base:555 - Click on button
2014-05-23 16:53:08 INFO  Base:419 - Click on  Startmeeting1 
2014-05-23 16:53:18 INFO  Base:374 - Waiting10000
2014-05-23 16:53:18 INFO  Base:618 - Tap on the screen
2014-05-23 16:53:18 INFO  Base:618 - Tap on the screen
2014-05-23 16:53:20 INFO  Base:374 - Waiting2000
2014-05-23 16:53:21 INFO  Base:594 - Flick on the screen
2014-05-23 16:53:22 INFO  Base:419 - Click on  invite 
2014-05-23 16:53:24 INFO  Base:419 - Click on  Email1 
2014-05-23 16:53:27 INFO  Base:419 - Click on  Gmail 
2014-05-23 16:53:33 INFO  Base:451 - Entering data in  To 
2014-05-23 16:53:34 INFO  Base:419 - Click on  send 
2014-05-23 16:53:36 INFO  Base:374 - Waiting2000
2014-05-23 16:53:55 INFO  Base:200 - Browers is MF
2014-05-23 16:53:57 INFO  Base:202 - Enter Url http://www.gmail.com
2014-05-23 16:53:59 INFO  Base:451 - Entering data in  username 
2014-05-23 16:54:00 INFO  Base:451 - Entering data in  password 
2014-05-23 16:54:01 INFO  Base:419 - Click on  pgma 
2014-05-23 16:54:12 INFO  Base:229 - Page has Refreshed
2014-05-23 16:54:15 INFO  Base:419 - Click on  inbox 
2014-05-23 16:54:18 INFO  Base:419 - Click on  link 
2014-05-23 16:54:18 INFO  Base:625 - launch Appium
2014-05-23 16:57:45 INFO  Base:625 - launch Appium
2014-05-23 16:57:46 INFO  Base:243 - App package is com.altia.panacast
2014-05-23 16:57:46 INFO  Base:245 - App activity is com.altia.panacast.StartingActivity
2014-05-23 16:57:47 INFO  DefaultHttpClient:623 - I/O exception (java.net.SocketException) caught when connecting to the target host: Permission denied: connect
2014-05-23 16:57:47 INFO  DefaultHttpClient:629 - Retrying connect
2014-05-23 16:57:48 INFO  DefaultHttpClient:623 - I/O exception (java.net.SocketException) caught when connecting to the target host: Permission denied: connect
2014-05-23 16:57:48 INFO  DefaultHttpClient:629 - Retrying connect
2014-05-23 16:57:52 INFO  Base:247 - App is Launched
2014-05-23 16:57:52 INFO  Base:249 - Waiting 2000 seconds
2014-05-23 16:57:53 INFO  Base:419 - Click on  signin 
2014-05-23 16:57:57 INFO  Base:451 - Entering data in  FN 
2014-05-23 16:58:01 INFO  Base:451 - Entering data in  LN 
2014-05-23 16:58:05 INFO  Base:451 - Entering data in  Email 
2014-05-23 16:58:05 INFO  Base:555 - Click on button
2014-05-23 16:58:07 INFO  Base:419 - Click on  login 
2014-05-23 16:58:09 INFO  Base:419 - Click on  Startmeeting 
2014-05-23 16:58:14 INFO  Base:451 - Entering data in  Code 
2014-05-23 16:58:15 INFO  Base:555 - Click on button
2014-05-23 16:58:16 INFO  Base:419 - Click on  Startmeeting1 
2014-05-23 16:58:26 INFO  Base:374 - Waiting10000
2014-05-23 16:58:27 INFO  Base:618 - Tap on the screen
2014-05-23 16:58:27 INFO  Base:618 - Tap on the screen
2014-05-23 16:58:29 INFO  Base:374 - Waiting2000
2014-05-23 16:58:30 INFO  Base:594 - Flick on the screen
2014-05-23 16:58:31 INFO  Base:419 - Click on  invite 
2014-05-23 16:58:33 INFO  Base:419 - Click on  Email1 
2014-05-23 16:58:35 INFO  Base:419 - Click on  Gmail 
2014-05-23 16:58:41 INFO  Base:451 - Entering data in  To 
2014-05-23 16:58:43 INFO  Base:419 - Click on  send 
2014-05-23 16:58:45 INFO  Base:374 - Waiting2000
2014-05-23 16:59:08 INFO  Base:200 - Browers is MF
2014-05-23 16:59:10 INFO  Base:202 - Enter Url http://www.gmail.com
2014-05-23 16:59:12 INFO  Base:451 - Entering data in  username 
2014-05-23 16:59:13 INFO  Base:451 - Entering data in  password 
2014-05-23 16:59:16 INFO  Base:419 - Click on  pgma 
2014-05-23 16:59:21 INFO  Base:229 - Page has Refreshed
2014-05-23 16:59:27 INFO  Base:419 - Click on  inbox 
2014-05-23 16:59:31 INFO  Base:419 - Click on  link 
2014-05-23 16:59:31 INFO  Base:625 - launch Appium
2014-05-23 17:02:02 INFO  Base:625 - launch Appium
2014-05-23 17:02:02 INFO  Base:243 - App package is com.altia.panacast
2014-05-23 17:02:02 INFO  Base:245 - App activity is com.altia.panacast.StartingActivity
2014-05-23 17:02:04 INFO  DefaultHttpClient:623 - I/O exception (java.net.SocketException) caught when connecting to the target host: Permission denied: connect
2014-05-23 17:02:04 INFO  DefaultHttpClient:629 - Retrying connect
2014-05-23 17:02:05 INFO  DefaultHttpClient:623 - I/O exception (java.net.SocketException) caught when connecting to the target host: Permission denied: connect
2014-05-23 17:02:05 INFO  DefaultHttpClient:629 - Retrying connect
2014-05-23 17:02:09 INFO  Base:247 - App is Launched
2014-05-23 17:02:09 INFO  Base:249 - Waiting 2000 seconds
2014-05-23 17:02:10 INFO  Base:419 - Click on  signin 
2014-05-23 17:02:14 INFO  Base:451 - Entering data in  FN 
2014-05-23 17:02:18 INFO  Base:451 - Entering data in  LN 
2014-05-23 17:02:22 INFO  Base:451 - Entering data in  Email 
2014-05-23 17:02:23 INFO  Base:555 - Click on button
2014-05-23 17:02:24 INFO  Base:419 - Click on  login 
2014-05-23 17:02:27 INFO  Base:419 - Click on  Startmeeting 
2014-05-23 17:02:31 INFO  Base:451 - Entering data in  Code 
2014-05-23 17:02:32 INFO  Base:555 - Click on button
2014-05-23 17:02:34 INFO  Base:419 - Click on  Startmeeting1 
2014-05-23 17:02:44 INFO  Base:374 - Waiting10000
2014-05-23 17:02:44 INFO  Base:618 - Tap on the screen
2014-05-23 17:02:44 INFO  Base:618 - Tap on the screen
2014-05-23 17:02:46 INFO  Base:374 - Waiting2000
2014-05-23 17:02:47 INFO  Base:594 - Flick on the screen
2014-05-23 17:02:49 INFO  Base:419 - Click on  invite 
2014-05-23 17:02:50 INFO  Base:419 - Click on  Email1 
2014-05-23 17:02:53 INFO  Base:419 - Click on  Gmail 
2014-05-23 17:02:58 INFO  Base:451 - Entering data in  To 
2014-05-23 17:03:00 INFO  Base:419 - Click on  send 
2014-05-23 17:03:02 INFO  Base:374 - Waiting2000
2014-05-23 17:03:20 INFO  Base:200 - Browers is MF
2014-05-23 17:03:22 INFO  Base:202 - Enter Url http://www.gmail.com
2014-05-23 17:03:23 INFO  Base:451 - Entering data in  username 
2014-05-23 17:03:25 INFO  Base:451 - Entering data in  password 
2014-05-23 17:03:27 INFO  Base:419 - Click on  pgma 
2014-05-23 17:03:32 INFO  Base:229 - Page has Refreshed
2014-05-23 17:03:38 INFO  Base:419 - Click on  inbox 
2014-05-23 17:03:42 INFO  Base:419 - Click on  link 
2014-05-23 17:03:42 INFO  Base:625 - launch Appium
2014-05-23 17:11:57 INFO  Base:625 - launch Appium
2014-05-23 17:11:57 INFO  Base:243 - App package is com.altia.panacast
2014-05-23 17:11:57 INFO  Base:245 - App activity is com.altia.panacast.StartingActivity
2014-05-23 17:11:59 INFO  DefaultHttpClient:623 - I/O exception (java.net.SocketException) caught when connecting to the target host: Permission denied: connect
2014-05-23 17:11:59 INFO  DefaultHttpClient:629 - Retrying connect
2014-05-23 17:12:00 INFO  DefaultHttpClient:623 - I/O exception (java.net.SocketException) caught when connecting to the target host: Permission denied: connect
2014-05-23 17:12:00 INFO  DefaultHttpClient:629 - Retrying connect
2014-05-23 17:12:04 INFO  Base:247 - App is Launched
2014-05-23 17:12:04 INFO  Base:249 - Waiting 2000 seconds
2014-05-23 17:12:05 INFO  Base:419 - Click on  signin 
2014-05-23 17:12:09 INFO  Base:451 - Entering data in  FN 
2014-05-23 17:12:12 INFO  Base:451 - Entering data in  LN 
2014-05-23 17:12:16 INFO  Base:451 - Entering data in  Email 
2014-05-23 17:12:17 INFO  Base:555 - Click on button
2014-05-23 17:12:19 INFO  Base:419 - Click on  login 
2014-05-23 17:12:21 INFO  Base:419 - Click on  Startmeeting 
2014-05-23 17:12:26 INFO  Base:451 - Entering data in  Code 
2014-05-23 17:12:26 INFO  Base:555 - Click on button
2014-05-23 17:12:29 INFO  Base:419 - Click on  Startmeeting1 
2014-05-23 17:12:39 INFO  Base:374 - Waiting10000
2014-05-23 17:12:39 INFO  Base:618 - Tap on the screen
2014-05-23 17:12:39 INFO  Base:618 - Tap on the screen
2014-05-23 17:12:41 INFO  Base:374 - Waiting2000
2014-05-23 17:12:42 INFO  Base:594 - Flick on the screen
2014-05-23 17:12:43 INFO  Base:419 - Click on  invite 
2014-05-23 17:12:45 INFO  Base:419 - Click on  Email1 
2014-05-23 17:12:47 INFO  Base:419 - Click on  Gmail 
2014-05-23 17:12:53 INFO  Base:451 - Entering data in  To 
2014-05-23 17:12:54 INFO  Base:419 - Click on  send 
2014-05-23 17:12:56 INFO  Base:374 - Waiting2000
2014-05-23 17:13:14 INFO  Base:200 - Browers is MF
2014-05-23 17:13:16 INFO  Base:202 - Enter Url http://www.gmail.com
2014-05-23 17:13:18 INFO  Base:451 - Entering data in  username 
2014-05-23 17:13:19 INFO  Base:451 - Entering data in  password 
2014-05-23 17:13:21 INFO  Base:419 - Click on  pgma 
2014-05-23 17:13:30 INFO  Base:229 - Page has Refreshed
2014-05-23 17:13:37 INFO  Base:419 - Click on  inbox 
2014-05-23 17:13:41 INFO  Base:419 - Click on  link 
2014-05-23 17:13:41 INFO  Base:625 - launch Appium
2014-05-23 17:44:35 INFO  Base:625 - launch Appium
2014-05-23 17:44:35 INFO  Base:243 - App package is com.altia.panacast
2014-05-23 17:44:35 INFO  Base:245 - App activity is com.altia.panacast.StartingActivity
2014-05-23 17:44:37 INFO  DefaultHttpClient:623 - I/O exception (java.net.SocketException) caught when connecting to the target host: Permission denied: connect
2014-05-23 17:44:37 INFO  DefaultHttpClient:629 - Retrying connect
2014-05-23 17:44:38 INFO  DefaultHttpClient:623 - I/O exception (java.net.SocketException) caught when connecting to the target host: Permission denied: connect
2014-05-23 17:44:38 INFO  DefaultHttpClient:629 - Retrying connect
2014-05-23 17:44:42 INFO  Base:247 - App is Launched
2014-05-23 17:44:42 INFO  Base:249 - Waiting 2000 seconds
2014-05-23 17:44:43 INFO  Base:419 - Click on  signin 
2014-05-23 17:44:47 INFO  Base:451 - Entering data in  FN 
2014-05-23 17:44:51 INFO  Base:451 - Entering data in  LN 
2014-05-23 17:44:55 INFO  Base:451 - Entering data in  Email 
2014-05-23 17:44:55 INFO  Base:555 - Click on button
2014-05-23 17:44:57 INFO  Base:419 - Click on  login 
2014-05-23 17:44:59 INFO  Base:419 - Click on  Startmeeting 
2014-05-23 17:45:04 INFO  Base:451 - Entering data in  Code 
2014-05-23 17:45:04 INFO  Base:555 - Click on button
2014-05-23 17:45:06 INFO  Base:419 - Click on  Startmeeting1 
2014-05-23 17:45:16 INFO  Base:374 - Waiting10000
2014-05-23 17:45:16 INFO  Base:618 - Tap on the screen
2014-05-23 17:45:16 INFO  Base:618 - Tap on the screen
2014-05-23 17:45:18 INFO  Base:374 - Waiting2000
2014-05-23 17:45:19 INFO  Base:594 - Flick on the screen
2014-05-23 17:45:28 INFO  Base:374 - Waiting2000
2014-05-23 17:45:53 INFO  Base:200 - Browers is MF
2014-05-23 17:46:14 INFO  Base:625 - launch Appium
2014-05-23 17:46:14 INFO  Base:243 - App package is com.altia.panacast
2014-05-23 17:46:14 INFO  Base:245 - App activity is com.altia.panacast.StartingActivity
2014-05-23 17:46:16 INFO  DefaultHttpClient:623 - I/O exception (java.net.SocketException) caught when connecting to the target host: Permission denied: connect
2014-05-23 17:46:16 INFO  DefaultHttpClient:629 - Retrying connect
2014-05-23 17:46:17 INFO  DefaultHttpClient:623 - I/O exception (java.net.SocketException) caught when connecting to the target host: Permission denied: connect
2014-05-23 17:46:17 INFO  DefaultHttpClient:629 - Retrying connect
2014-05-23 17:46:46 INFO  Base:625 - launch Appium
2014-05-23 17:46:46 INFO  Base:243 - App package is com.altia.panacast
2014-05-23 17:46:46 INFO  Base:245 - App activity is com.altia.panacast.StartingActivity
2014-05-23 17:46:47 INFO  DefaultHttpClient:623 - I/O exception (java.net.SocketException) caught when connecting to the target host: Permission denied: connect
2014-05-23 17:46:47 INFO  DefaultHttpClient:629 - Retrying connect
2014-05-23 17:46:48 INFO  DefaultHttpClient:623 - I/O exception (java.net.SocketException) caught when connecting to the target host: Permission denied: connect
2014-05-23 17:46:48 INFO  DefaultHttpClient:629 - Retrying connect
2014-05-23 17:46:52 INFO  Base:247 - App is Launched
2014-05-23 17:46:52 INFO  Base:249 - Waiting 2000 seconds
2014-05-23 17:46:54 INFO  Base:419 - Click on  signin 
2014-05-23 17:46:58 INFO  Base:451 - Entering data in  FN 
2014-05-23 17:47:01 INFO  Base:451 - Entering data in  LN 
2014-05-23 17:47:05 INFO  Base:451 - Entering data in  Email 
2014-05-23 17:47:06 INFO  Base:555 - Click on button
2014-05-23 17:47:07 INFO  Base:419 - Click on  login 
2014-05-23 17:47:10 INFO  Base:419 - Click on  Startmeeting 
2014-05-23 17:47:14 INFO  Base:451 - Entering data in  Code 
2014-05-23 17:47:15 INFO  Base:555 - Click on button
2014-05-23 17:47:27 INFO  Base:374 - Waiting10000
2014-05-23 17:47:27 INFO  Base:618 - Tap on the screen
2014-05-23 17:47:27 INFO  Base:618 - Tap on the screen
2014-05-23 17:47:29 INFO  Base:374 - Waiting2000
2014-05-23 17:47:30 INFO  Base:594 - Flick on the screen
2014-05-23 17:47:47 INFO  Base:625 - launch Appium
2014-05-23 17:47:48 INFO  Base:243 - App package is com.altia.panacast
2014-05-23 17:47:48 INFO  Base:245 - App activity is com.altia.panacast.StartingActivity
2014-05-23 17:47:49 INFO  DefaultHttpClient:623 - I/O exception (java.net.SocketException) caught when connecting to the target host: Permission denied: connect
2014-05-23 17:47:49 INFO  DefaultHttpClient:629 - Retrying connect
2014-05-23 17:47:50 INFO  DefaultHttpClient:623 - I/O exception (java.net.SocketException) caught when connecting to the target host: Permission denied: connect
2014-05-23 17:47:50 INFO  DefaultHttpClient:629 - Retrying connect
2014-05-23 17:47:54 INFO  Base:247 - App is Launched
2014-05-23 17:47:54 INFO  Base:249 - Waiting 2000 seconds
2014-05-23 17:47:55 INFO  Base:419 - Click on  signin 
2014-05-23 17:47:59 INFO  Base:451 - Entering data in  FN 
2014-05-23 17:48:03 INFO  Base:451 - Entering data in  LN 
2014-05-23 17:48:07 INFO  Base:451 - Entering data in  Email 
2014-05-23 17:48:08 INFO  Base:555 - Click on button
2014-05-23 17:48:09 INFO  Base:419 - Click on  login 
2014-05-23 17:48:12 INFO  Base:419 - Click on  Startmeeting 
2014-05-23 17:48:16 INFO  Base:451 - Entering data in  Code 
2014-05-23 17:48:16 INFO  Base:555 - Click on button
2014-05-23 17:48:18 INFO  Base:419 - Click on  Startmeeting1 
2014-05-23 17:48:28 INFO  Base:374 - Waiting10000
2014-05-23 17:48:28 INFO  Base:618 - Tap on the screen
2014-05-23 17:48:29 INFO  Base:618 - Tap on the screen
2014-05-23 17:48:31 INFO  Base:374 - Waiting2000
2014-05-23 17:48:31 INFO  Base:594 - Flick on the screen
2014-05-23 17:48:32 INFO  Base:419 - Click on  invite 
2014-05-23 17:48:34 INFO  Base:419 - Click on  Email1 
2014-05-23 17:48:36 INFO  Base:419 - Click on  Gmail 
2014-05-23 17:48:41 INFO  Base:451 - Entering data in  To 
2014-05-23 17:48:42 INFO  Base:419 - Click on  send 
2014-05-23 17:48:44 INFO  Base:374 - Waiting2000
2014-05-23 17:49:02 INFO  Base:200 - Browers is MF
2014-05-23 17:49:04 INFO  Base:202 - Enter Url http://www.gmail.com
2014-05-23 17:49:06 INFO  Base:451 - Entering data in  username 
2014-05-23 17:49:07 INFO  Base:451 - Entering data in  password 
2014-05-23 17:49:09 INFO  Base:419 - Click on  pgma 
2014-05-23 17:49:24 INFO  Base:229 - Page has Refreshed
2014-05-23 17:49:26 INFO  Base:419 - Click on  inbox 
2014-05-23 17:49:31 INFO  Base:419 - Click on  link 
2014-05-23 17:49:31 INFO  Base:625 - launch Appium
2014-05-23 17:51:18 INFO  Base:625 - launch Appium
2014-05-23 17:51:18 INFO  Base:243 - App package is com.altia.panacast
2014-05-23 17:51:18 INFO  Base:245 - App activity is com.altia.panacast.StartingActivity
2014-05-23 17:51:20 INFO  DefaultHttpClient:623 - I/O exception (java.net.SocketException) caught when connecting to the target host: Permission denied: connect
2014-05-23 17:51:20 INFO  DefaultHttpClient:629 - Retrying connect
2014-05-23 17:51:21 INFO  DefaultHttpClient:623 - I/O exception (java.net.SocketException) caught when connecting to the target host: Permission denied: connect
2014-05-23 17:51:21 INFO  DefaultHttpClient:629 - Retrying connect
2014-05-23 17:51:25 INFO  Base:247 - App is Launched
2014-05-23 17:51:25 INFO  Base:249 - Waiting 2000 seconds
2014-05-23 17:51:26 INFO  Base:419 - Click on  signin 
2014-05-23 17:51:30 INFO  Base:451 - Entering data in  FN 
2014-05-23 17:51:34 INFO  Base:451 - Entering data in  LN 
2014-05-23 17:51:37 INFO  Base:451 - Entering data in  Email 
2014-05-23 17:51:38 INFO  Base:555 - Click on button
2014-05-23 17:51:39 INFO  Base:419 - Click on  login 
2014-05-23 17:51:42 INFO  Base:419 - Click on  Startmeeting 
2014-05-23 17:51:46 INFO  Base:451 - Entering data in  Code 
2014-05-23 17:51:46 INFO  Base:555 - Click on button
2014-05-23 17:51:48 INFO  Base:419 - Click on  Startmeeting1 
2014-05-23 17:51:58 INFO  Base:374 - Waiting10000
2014-05-23 17:51:59 INFO  Base:618 - Tap on the screen
2014-05-23 17:51:59 INFO  Base:618 - Tap on the screen
2014-05-23 17:52:01 INFO  Base:374 - Waiting2000
2014-05-23 17:52:01 INFO  Base:594 - Flick on the screen
2014-05-23 17:52:02 INFO  Base:419 - Click on  invite 
2014-05-23 17:52:04 INFO  Base:419 - Click on  Email1 
2014-05-23 17:52:06 INFO  Base:419 - Click on  Gmail 
2014-05-23 17:52:12 INFO  Base:451 - Entering data in  To 
2014-05-23 17:52:13 INFO  Base:419 - Click on  send 
2014-05-23 17:52:15 INFO  Base:374 - Waiting2000
2014-05-23 17:52:34 INFO  Base:200 - Browers is MF
2014-05-23 17:52:36 INFO  Base:202 - Enter Url http://www.gmail.com
2014-05-23 17:52:38 INFO  Base:451 - Entering data in  username 
2014-05-23 17:52:39 INFO  Base:451 - Entering data in  password 
2014-05-23 17:52:41 INFO  Base:419 - Click on  pgma 
2014-05-23 17:52:49 INFO  Base:229 - Page has Refreshed
2014-05-23 17:52:57 INFO  Base:419 - Click on  inbox 
2014-05-23 17:53:00 INFO  Base:419 - Click on  link 
2014-05-23 17:53:00 INFO  Base:625 - launch Appium
